#
# There is insufficient memory for the Java Runtime Environment to continue.
# Native memory allocation (malloc) failed to allocate 329456 bytes for Chunk::new
# Possible reasons:
#   The system is out of physical RAM or swap space
#   In 32 bit mode, the process size limit was hit
# Possible solutions:
#   Reduce memory load on the system
#   Increase physical memory or swap space
#   Check if swap backing store is full
#   Use 64 bit Java on a 64 bit OS
#   Decrease Java heap size (-Xmx/-Xms)
#   Decrease number of Java threads
#   Decrease Java thread stack sizes (-Xss)
#   Set larger code cache with -XX:ReservedCodeCacheSize=
# This output file may be truncated or incomplete.
#
#  Out of Memory Error (allocation.cpp:390), pid=2396, tid=0x00000000000005c0
#
# JRE version: OpenJDK Runtime Environment (8.0_76-b03) (build 1.8.0_76-release-b03)
# Java VM: OpenJDK 64-Bit Server VM (25.76-b03 mixed mode windows-amd64 compressed oops)
# Failed to write core dump. Minidumps are not enabled by default on client versions of Windows
#

---------------  T H R E A D  ---------------

Current thread (0x00000000552cc000):  JavaThread "C2 CompilerThread0" daemon [_thread_in_native, id=1472, stack(0x0000000056cb0000,0x0000000056db0000)]

Stack: [0x0000000056cb0000,0x0000000056db0000]
[error occurred during error reporting (printing stack bounds), id 0xc0000005]

Native frames: (J=compiled Java code, j=interpreted, Vv=VM code, C=native code)


Current CompileTask:
C2: 598943 12469       4       org.gradle.api.internal.artifacts.ivyservice.resolveengine.graph.DependencyGraphBuilder$DependencyEdge::getSelector (36 bytes)


---------------  P R O C E S S  ---------------

Java Threads: ( => current thread )
  0x000000005bca8800 JavaThread "Asynchronous log dispatcher for org.gradle.launcher.daemon.server.DefaultDaemonConnection@2ad954b1" [_thread_blocked, id=2880, stack(0x00000000598e0000,0x00000000599e0000)]
  0x000000005bca7000 JavaThread "Daemon worker Thread 4" [_thread_in_native, id=1960, stack(0x00000000597a0000,0x00000000598a0000)]
  0x000000005bcaa000 JavaThread "Cancel handler" [_thread_blocked, id=2040, stack(0x0000000059680000,0x0000000059780000)]
  0x000000005bca7800 JavaThread "Handler for socket connection from /127.0.0.1:49219 to /127.0.0.1:49864" [_thread_in_native, id=3664, stack(0x00000000592b0000,0x00000000593b0000)]
  0x000000005bca6000 JavaThread "Daemon Thread 4" [_thread_blocked, id=2180, stack(0x0000000059450000,0x0000000059550000)]
  0x000000005bc46800 JavaThread "pool-14-thread-3" [_thread_blocked, id=2592, stack(0x0000000059190000,0x0000000059290000)]
  0x000000005bc47800 JavaThread "pool-14-thread-2" [_thread_blocked, id=2408, stack(0x000000005c900000,0x000000005ca00000)]
  0x000000005bc49000 JavaThread "pool-14-thread-1" [_thread_blocked, id=540, stack(0x0000000062740000,0x0000000062840000)]
  0x0000000058885000 JavaThread "File lock request listener" [_thread_in_native, id=4088, stack(0x000000005b110000,0x000000005b210000)]
  0x00000000580a9000 JavaThread "pool-1-thread-1" [_thread_blocked, id=1448, stack(0x0000000058bd0000,0x0000000058cd0000)]
  0x0000000058081000 JavaThread "Incoming local TCP Connector on port 49219" [_thread_in_native, id=1616, stack(0x0000000058e80000,0x0000000058f80000)]
  0x000000005642d800 JavaThread "Service Thread" daemon [_thread_blocked, id=1828, stack(0x00000000569a0000,0x0000000056aa0000)]
  0x0000000056419800 JavaThread "C1 CompilerThread2" daemon [_thread_blocked, id=2448, stack(0x0000000056ed0000,0x0000000056fd0000)]
  0x0000000056415000 JavaThread "C2 CompilerThread1" daemon [_thread_blocked, id=2432, stack(0x0000000056dc0000,0x0000000056ec0000)]
=>0x00000000552cc000 JavaThread "C2 CompilerThread0" daemon [_thread_in_native, id=1472, stack(0x0000000056cb0000,0x0000000056db0000)]
  0x000000005640b000 JavaThread "Attach Listener" daemon [_thread_blocked, id=872, stack(0x0000000056ae0000,0x0000000056be0000)]
  0x00000000552bc800 JavaThread "Signal Dispatcher" daemon [_thread_blocked, id=2148, stack(0x0000000056880000,0x0000000056980000)]
  0x00000000552a8000 JavaThread "Finalizer" daemon [_thread_blocked, id=2380, stack(0x0000000056300000,0x0000000056400000)]
  0x0000000055260800 JavaThread "Reference Handler" daemon [_thread_blocked, id=928, stack(0x00000000560a0000,0x00000000561a0000)]
  0x00000000025fe800 JavaThread "main" [_thread_blocked, id=3232, stack(0x0000000002690000,0x0000000002790000)]

Other Threads:
  0x0000000055259000 VMThread [stack: 0x00000000561e0000,0x00000000562e0000] [id=2100]
  0x0000000056450000 WatcherThread [stack: 0x0000000057090000,0x0000000057190000] [id=2764]

VM state:not at safepoint (normal execution)

VM Mutex/Monitor currently owned by a thread: None

Heap:
 PSYoungGen      total 312832K, used 74028K [0x00000000eab00000, 0x0000000100000000, 0x0000000100000000)
  eden space 276480K, 26% used [0x00000000eab00000,0x00000000ef34b070,0x00000000fb900000)
  from space 36352K, 0% used [0x00000000fb900000,0x00000000fb900000,0x00000000fdc80000)
  to   space 36352K, 0% used [0x00000000fdc80000,0x00000000fdc80000,0x0000000100000000)
 ParOldGen       total 76800K, used 48594K [0x00000000c0000000, 0x00000000c4b00000, 0x00000000eab00000)
  object space 76800K, 63% used [0x00000000c0000000,0x00000000c2f74918,0x00000000c4b00000)
 Metaspace       used 69895K, capacity 72920K, committed 73088K, reserved 1112064K
  class space    used 9165K, capacity 9790K, committed 9856K, reserved 1048576K

Card table byte_map: [0x0000000011b50000,0x0000000011d60000] byte_map_base: 0x0000000011550000

Marking Bits: (ParMarkBitMap*) 0x0000000071049d00
 Begin Bits: [0x00000000126d0000, 0x00000000136d0000)
 End Bits:   [0x00000000136d0000, 0x00000000146d0000)

Polling page: 0x00000000003b0000

CodeCache: size=245760Kb used=35621Kb max_used=35661Kb free=210138Kb
 bounds [0x0000000002790000, 0x0000000004ad0000, 0x0000000011790000]
 total_blobs=11105 nmethods=10357 adapters=660
 compilation: enabled

Compilation events (10 events):
Event: 575.777 Thread 0x0000000056419800 nmethod 12453 0x00000000036d3950 code [0x00000000036d3ac0, 0x00000000036d3da8]
Event: 575.777 Thread 0x0000000056419800 12454       3       org.apache.xerces.impl.dtd.XMLDTDProcessor::getRecognizedProperties (10 bytes)
Event: 575.777 Thread 0x0000000056419800 nmethod 12454 0x0000000002b632d0 code [0x0000000002b63440, 0x0000000002b63728]
Event: 586.936 Thread 0x0000000056415000 12466       4       java.nio.ByteBuffer::<init> (45 bytes)
Event: 586.936 Thread 0x00000000552cc000 12467       4       java.util.zip.ZipFile$ZipFileInflaterInputStream::available (41 bytes)
Event: 586.937 Thread 0x0000000056415000 nmethod 12466 0x0000000003777f50 code [0x00000000037780a0, 0x00000000037782b8]
Event: 586.937 Thread 0x00000000552cc000 nmethod 12467 0x00000000038f65d0 code [0x00000000038f6720, 0x00000000038f6a18]
Event: 587.124 Thread 0x0000000056415000 12468       4       java.net.URLClassLoader$3::next (73 bytes)
Event: 587.127 Thread 0x0000000056415000 nmethod 12468 0x0000000002c62290 code [0x0000000002c62400, 0x0000000002c625c8]
Event: 594.232 Thread 0x00000000552cc000 12469       4       org.gradle.api.internal.artifacts.ivyservice.resolveengine.graph.DependencyGraphBuilder$DependencyEdge::getSelector (36 bytes)

GC Heap History (10 events):
Event: 198.994 GC heap before
{Heap before GC invocations=14 (full 3):
 PSYoungGen      total 301568K, used 301557K [0x00000000eab00000, 0x0000000100000000, 0x0000000100000000)
  eden space 274432K, 100% used [0x00000000eab00000,0x00000000fb700000,0x00000000fb700000)
  from space 27136K, 99% used [0x00000000fe580000,0x00000000ffffd670,0x0000000100000000)
  to   space 37376K, 0% used [0x00000000fb700000,0x00000000fb700000,0x00000000fdb80000)
 ParOldGen       total 76800K, used 52674K [0x00000000c0000000, 0x00000000c4b00000, 0x00000000eab00000)
  object space 76800K, 68% used [0x00000000c0000000,0x00000000c33708f8,0x00000000c4b00000)
 Metaspace       used 67302K, capacity 69838K, committed 70144K, reserved 1110016K
  class space    used 8846K, capacity 9411K, committed 9472K, reserved 1048576K
Event: 199.006 GC heap after
Heap after GC invocations=14 (full 3):
 PSYoungGen      total 311808K, used 11925K [0x00000000eab00000, 0x0000000100000000, 0x0000000100000000)
  eden space 274432K, 0% used [0x00000000eab00000,0x00000000eab00000,0x00000000fb700000)
  from space 37376K, 31% used [0x00000000fb700000,0x00000000fc2a5798,0x00000000fdb80000)
  to   space 36352K, 0% used [0x00000000fdc80000,0x00000000fdc80000,0x0000000100000000)
 ParOldGen       total 76800K, used 58709K [0x00000000c0000000, 0x00000000c4b00000, 0x00000000eab00000)
  object space 76800K, 76% used [0x00000000c0000000,0x00000000c3955680,0x00000000c4b00000)
 Metaspace       used 67302K, capacity 69838K, committed 70144K, reserved 1110016K
  class space    used 8846K, capacity 9411K, committed 9472K, reserved 1048576K
}
Event: 202.656 GC heap before
{Heap before GC invocations=15 (full 3):
 PSYoungGen      total 311808K, used 150861K [0x00000000eab00000, 0x0000000100000000, 0x0000000100000000)
  eden space 274432K, 50% used [0x00000000eab00000,0x00000000f32add68,0x00000000fb700000)
  from space 37376K, 31% used [0x00000000fb700000,0x00000000fc2a5798,0x00000000fdb80000)
  to   space 36352K, 0% used [0x00000000fdc80000,0x00000000fdc80000,0x0000000100000000)
 ParOldGen       total 76800K, used 58709K [0x00000000c0000000, 0x00000000c4b00000, 0x00000000eab00000)
  object space 76800K, 76% used [0x00000000c0000000,0x00000000c3955680,0x00000000c4b00000)
 Metaspace       used 68611K, capacity 71300K, committed 71424K, reserved 1112064K
  class space    used 9049K, capacity 9654K, committed 9728K, reserved 1048576K
Event: 202.663 GC heap after
Heap after GC invocations=15 (full 3):
 PSYoungGen      total 312832K, used 2367K [0x00000000eab00000, 0x0000000100000000, 0x0000000100000000)
  eden space 276480K, 0% used [0x00000000eab00000,0x00000000eab00000,0x00000000fb900000)
  from space 36352K, 6% used [0x00000000fdc80000,0x00000000fdecff60,0x0000000100000000)
  to   space 36352K, 0% used [0x00000000fb900000,0x00000000fb900000,0x00000000fdc80000)
 ParOldGen       total 76800K, used 62666K [0x00000000c0000000, 0x00000000c4b00000, 0x00000000eab00000)
  object space 76800K, 81% used [0x00000000c0000000,0x00000000c3d32bf8,0x00000000c4b00000)
 Metaspace       used 68611K, capacity 71300K, committed 71424K, reserved 1112064K
  class space    used 9049K, capacity 9654K, committed 9728K, reserved 1048576K
}
Event: 202.663 GC heap before
{Heap before GC invocations=16 (full 4):
 PSYoungGen      total 312832K, used 2367K [0x00000000eab00000, 0x0000000100000000, 0x0000000100000000)
  eden space 276480K, 0% used [0x00000000eab00000,0x00000000eab00000,0x00000000fb900000)
  from space 36352K, 6% used [0x00000000fdc80000,0x00000000fdecff60,0x0000000100000000)
  to   space 36352K, 0% used [0x00000000fb900000,0x00000000fb900000,0x00000000fdc80000)
 ParOldGen       total 76800K, used 62666K [0x00000000c0000000, 0x00000000c4b00000, 0x00000000eab00000)
  object space 76800K, 81% used [0x00000000c0000000,0x00000000c3d32bf8,0x00000000c4b00000)
 Metaspace       used 68611K, capacity 71300K, committed 71424K, reserved 1112064K
  class space    used 9049K, capacity 9654K, committed 9728K, reserved 1048576K
Event: 202.867 GC heap after
Heap after GC invocations=16 (full 4):
 PSYoungGen      total 312832K, used 0K [0x00000000eab00000, 0x0000000100000000, 0x0000000100000000)
  eden space 276480K, 0% used [0x00000000eab00000,0x00000000eab00000,0x00000000fb900000)
  from space 36352K, 0% used [0x00000000fdc80000,0x00000000fdc80000,0x0000000100000000)
  to   space 36352K, 0% used [0x00000000fb900000,0x00000000fb900000,0x00000000fdc80000)
 ParOldGen       total 76800K, used 48134K [0x00000000c0000000, 0x00000000c4b00000, 0x00000000eab00000)
  object space 76800K, 62% used [0x00000000c0000000,0x00000000c2f01b38,0x00000000c4b00000)
 Metaspace       used 68597K, capacity 71260K, committed 71424K, reserved 1112064K
  class space    used 9045K, capacity 9646K, committed 9728K, reserved 1048576K
}
Event: 332.128 GC heap before
{Heap before GC invocations=17 (full 4):
 PSYoungGen      total 312832K, used 252786K [0x00000000eab00000, 0x0000000100000000, 0x0000000100000000)
  eden space 276480K, 91% used [0x00000000eab00000,0x00000000fa1dcbf8,0x00000000fb900000)
  from space 36352K, 0% used [0x00000000fdc80000,0x00000000fdc80000,0x0000000100000000)
  to   space 36352K, 0% used [0x00000000fb900000,0x00000000fb900000,0x00000000fdc80000)
 ParOldGen       total 76800K, used 48134K [0x00000000c0000000, 0x00000000c4b00000, 0x00000000eab00000)
  object space 76800K, 62% used [0x00000000c0000000,0x00000000c2f01b38,0x00000000c4b00000)
 Metaspace       used 69812K, capacity 72750K, committed 72832K, reserved 1112064K
  class space    used 9155K, capacity 9779K, committed 9856K, reserved 1048576K
Event: 332.132 GC heap after
Heap after GC invocations=17 (full 4):
 PSYoungGen      total 312832K, used 2971K [0x00000000eab00000, 0x0000000100000000, 0x0000000100000000)
  eden space 276480K, 0% used [0x00000000eab00000,0x00000000eab00000,0x00000000fb900000)
  from space 36352K, 8% used [0x00000000fb900000,0x00000000fbbe6f90,0x00000000fdc80000)
  to   space 36352K, 0% used [0x00000000fdc80000,0x00000000fdc80000,0x0000000100000000)
 ParOldGen       total 76800K, used 48142K [0x00000000c0000000, 0x00000000c4b00000, 0x00000000eab00000)
  object space 76800K, 62% used [0x00000000c0000000,0x00000000c2f03b38,0x00000000c4b00000)
 Metaspace       used 69812K, capacity 72750K, committed 72832K, reserved 1112064K
  class space    used 9155K, capacity 9779K, committed 9856K, reserved 1048576K
}
Event: 332.132 GC heap before
{Heap before GC invocations=18 (full 5):
 PSYoungGen      total 312832K, used 2971K [0x00000000eab00000, 0x0000000100000000, 0x0000000100000000)
  eden space 276480K, 0% used [0x00000000eab00000,0x00000000eab00000,0x00000000fb900000)
  from space 36352K, 8% used [0x00000000fb900000,0x00000000fbbe6f90,0x00000000fdc80000)
  to   space 36352K, 0% used [0x00000000fdc80000,0x00000000fdc80000,0x0000000100000000)
 ParOldGen       total 76800K, used 48142K [0x00000000c0000000, 0x00000000c4b00000, 0x00000000eab00000)
  object space 76800K, 62% used [0x00000000c0000000,0x00000000c2f03b38,0x00000000c4b00000)
 Metaspace       used 69812K, capacity 72750K, committed 72832K, reserved 1112064K
  class space    used 9155K, capacity 9779K, committed 9856K, reserved 1048576K
Event: 332.402 GC heap after
Heap after GC invocations=18 (full 5):
 PSYoungGen      total 312832K, used 0K [0x00000000eab00000, 0x0000000100000000, 0x0000000100000000)
  eden space 276480K, 0% used [0x00000000eab00000,0x00000000eab00000,0x00000000fb900000)
  from space 36352K, 0% used [0x00000000fb900000,0x00000000fb900000,0x00000000fdc80000)
  to   space 36352K, 0% used [0x00000000fdc80000,0x00000000fdc80000,0x0000000100000000)
 ParOldGen       total 76800K, used 48594K [0x00000000c0000000, 0x00000000c4b00000, 0x00000000eab00000)
  object space 76800K, 63% used [0x00000000c0000000,0x00000000c2f74918,0x00000000c4b00000)
 Metaspace       used 69812K, capacity 72750K, committed 72832K, reserved 1112064K
  class space    used 9155K, capacity 9779K, committed 9856K, reserved 1048576K
}

Deoptimization events (10 events):
Event: 316.091 Thread 0x000000005bca7800 Uncommon trap: reason=array_check action=maybe_recompile pc=0x00000000048c7c0c method=java.util.TimSort.binarySort([Ljava/lang/Object;IIILjava/util/Comparator;)V @ 215
Event: 316.168 Thread 0x000000005bca7800 Uncommon trap: reason=array_check action=maybe_recompile pc=0x00000000048c7c0c method=java.util.TimSort.binarySort([Ljava/lang/Object;IIILjava/util/Comparator;)V @ 215
Event: 316.168 Thread 0x000000005bca7800 Uncommon trap: reason=array_check action=maybe_recompile pc=0x00000000048c7cd0 method=java.util.TimSort.binarySort([Ljava/lang/Object;IIILjava/util/Comparator;)V @ 193
Event: 316.168 Thread 0x000000005bca7800 Uncommon trap: reason=array_check action=maybe_recompile pc=0x00000000048c7cd0 method=java.util.TimSort.binarySort([Ljava/lang/Object;IIILjava/util/Comparator;)V @ 193
Event: 316.437 Thread 0x000000005bca7800 Uncommon trap: reason=unstable_if action=reinterpret pc=0x00000000035cce54 method=java.lang.StringCoding$StringDecoder.decode([BII)[C @ 20
Event: 316.438 Thread 0x000000005bca7800 Uncommon trap: reason=class_check action=maybe_recompile pc=0x0000000003762950 method=sun.misc.URLClassPath$1.next()Z @ 46
Event: 316.448 Thread 0x000000005bca7800 Uncommon trap: reason=speculate_class_check action=maybe_recompile pc=0x0000000004314c84 method=com.sun.tools.javac.code.Scope.enter(Lcom/sun/tools/javac/code/Symbol;Lcom/sun/tools/javac/code/Scope;)V @ 5
Event: 316.449 Thread 0x000000005bca7800 Uncommon trap: reason=speculate_class_check action=maybe_recompile pc=0x0000000004314c84 method=com.sun.tools.javac.code.Scope.enter(Lcom/sun/tools/javac/code/Symbol;Lcom/sun/tools/javac/code/Scope;)V @ 5
Event: 316.495 Thread 0x000000005bca7800 Uncommon trap: reason=unstable_if action=reinterpret pc=0x0000000004856194 method=com.sun.tools.javac.jvm.ClassReader.readPool(I)Ljava/lang/Object; @ 21
Event: 323.486 Thread 0x000000005bca7800 Uncommon trap: reason=array_check action=maybe_recompile pc=0x00000000049ca80c method=java.util.TimSort.binarySort([Ljava/lang/Object;IIILjava/util/Comparator;)V @ 183

Internal exceptions (10 events):
Event: 234.091 Thread 0x000000005bcaa000 Exception <a 'java/lang/ClassNotFoundException': asLocalRepo603_88dikp582srytr6avou4xpv04Customizer> (0x00000000eb2f6568) thrown at [C:\src\android\AOSP-openjdk\external\jetbrains\jdk\hotspot\src\share\vm\classfile\systemDictionary.cpp, line 210]
Event: 234.538 Thread 0x000000005bcaa000 Exception <a 'java/lang/reflect/InvocationTargetException'> (0x00000000ef96f408) thrown at [C:\src\android\AOSP-openjdk\external\jetbrains\jdk\hotspot\src\share\vm\runtime\reflection.cpp, line 1092]
Event: 234.733 Thread 0x000000005bcaa000 Implicit null exception at 0x00000000042d5988 to 0x00000000042d59be
Event: 234.904 Thread 0x000000005bcaa000 Implicit null exception at 0x0000000003f2b9a1 to 0x0000000003f2bd19
Event: 235.346 Thread 0x000000005bcaa000 Exception <a 'java/lang/NoSuchMethodError': <clinit>> (0x00000000f26c8c00) thrown at [C:\src\android\AOSP-openjdk\external\jetbrains\jdk\hotspot\src\share\vm\prims\jni.cpp, line 1591]
Event: 312.411 Thread 0x000000005bca7800 Exception <a 'java/lang/ClassNotFoundException': asLocalRepo578_ay2g425h7zyt30kengxq8436sBeanInfo> (0x00000000f2eb8590) thrown at [C:\src\android\AOSP-openjdk\external\jetbrains\jdk\hotspot\src\share\vm\classfile\systemDictionary.cpp, line 210]
Event: 312.411 Thread 0x000000005bca7800 Exception <a 'java/lang/ClassNotFoundException': asLocalRepo578_ay2g425h7zyt30kengxq8436sCustomizer> (0x00000000f2ec21c0) thrown at [C:\src\android\AOSP-openjdk\external\jetbrains\jdk\hotspot\src\share\vm\classfile\systemDictionary.cpp, line 210]
Event: 315.491 Thread 0x000000005bca7800 Exception <a 'java/lang/reflect/InvocationTargetException'> (0x00000000f754d580) thrown at [C:\src\android\AOSP-openjdk\external\jetbrains\jdk\hotspot\src\share\vm\runtime\reflection.cpp, line 1092]
Event: 519.238 Thread 0x000000005bca7000 Exception <a 'java/lang/ClassNotFoundException': asLocalRepo910_4dxjeey6zp7dy3u1agi4fw2wzBeanInfo> (0x00000000eb2888d8) thrown at [C:\src\android\AOSP-openjdk\external\jetbrains\jdk\hotspot\src\share\vm\classfile\systemDictionary.cpp, line 210]
Event: 519.239 Thread 0x000000005bca7000 Exception <a 'java/lang/ClassNotFoundException': asLocalRepo910_4dxjeey6zp7dy3u1agi4fw2wzCustomizer> (0x00000000eb292508) thrown at [C:\src\android\AOSP-openjdk\external\jetbrains\jdk\hotspot\src\share\vm\classfile\systemDictionary.cpp, line 210]

Events (10 events):
Event: 574.669 Thread 0x00000000552cc000 flushing nmethod 0x0000000003aa3bd0
Event: 574.742 Thread 0x0000000056419800 flushing nmethod 0x0000000003cbb290
Event: 574.743 Thread 0x0000000056419800 flushing nmethod 0x0000000003d2c750
Event: 575.767 Thread 0x0000000056419800 flushing nmethod 0x0000000003e76810
Event: 575.768 Thread 0x0000000056419800 flushing nmethod 0x0000000004107b10
Event: 575.769 Thread 0x0000000056419800 flushing nmethod 0x0000000004283410
Event: 575.772 Thread 0x0000000056419800 flushing nmethod 0x00000000048c7750
Event: 576.066 Executing VM operation: BulkRevokeBias
Event: 576.066 Executing VM operation: BulkRevokeBias done
Event: 576.066 Thread 0x000000005bcaa800 Thread exited: 0x000000005bcaa800


Dynamic libraries:
0x000000013f370000 - 0x000000013f3a1000 	D:\Program Files\Android Studio\jre\bin\java.exe
0x0000000077060000 - 0x0000000077209000 	C:\Windows\SYSTEM32\ntdll.dll
0x0000000076f40000 - 0x000000007705f000 	C:\Windows\system32\kernel32.dll
0x000007fefd050000 - 0x000007fefd0bc000 	C:\Windows\system32\KERNELBASE.dll
0x000007fefddb0000 - 0x000007fefde8b000 	C:\Windows\system32\ADVAPI32.dll
0x000007fefd970000 - 0x000007fefda0f000 	C:\Windows\system32\msvcrt.dll
0x000007fefda90000 - 0x000007fefdaaf000 	C:\Windows\SYSTEM32\sechost.dll
0x000007feff240000 - 0x000007feff36d000 	C:\Windows\system32\RPCRT4.dll
0x0000000076e40000 - 0x0000000076f3a000 	C:\Windows\system32\USER32.dll
0x000007fefd820000 - 0x000007fefd887000 	C:\Windows\system32\GDI32.dll
0x000007fefee80000 - 0x000007fefee8e000 	C:\Windows\system32\LPK.dll
0x000007fefdbd0000 - 0x000007fefdc99000 	C:\Windows\system32\USP10.dll
0x000007fefb600000 - 0x000007fefb7f4000 	C:\Windows\WinSxS\amd64_microsoft.windows.common-controls_6595b64144ccf1df_6.0.7601.18807_none_fa381d5f175bfb52\COMCTL32.dll
0x000007fefda10000 - 0x000007fefda81000 	C:\Windows\system32\SHLWAPI.dll
0x000007fefec70000 - 0x000007fefec9e000 	C:\Windows\system32\IMM32.DLL
0x000007fefdca0000 - 0x000007fefdda9000 	C:\Windows\system32\MSCTF.dll
0x00000000734d0000 - 0x00000000735a2000 	D:\Program Files\Android Studio\jre\jre\bin\msvcr100.dll
0x0000000070890000 - 0x00000000710c4000 	D:\Program Files\Android Studio\jre\jre\bin\server\jvm.dll
0x000007fef23c0000 - 0x000007fef23c9000 	C:\Windows\system32\WSOCK32.dll
0x000007fefde90000 - 0x000007fefdedd000 	C:\Windows\system32\WS2_32.dll
0x000007feff230000 - 0x000007feff238000 	C:\Windows\system32\NSI.dll
0x000007fefa9e0000 - 0x000007fefaa1b000 	C:\Windows\system32\WINMM.dll
0x000007fefc3c0000 - 0x000007fefc3cc000 	C:\Windows\system32\VERSION.dll
0x0000000077220000 - 0x0000000077227000 	C:\Windows\system32\PSAPI.DLL
0x000007fef4140000 - 0x000007fef414f000 	D:\Program Files\Android Studio\jre\jre\bin\verify.dll
0x000007fef1c00000 - 0x000007fef1c29000 	D:\Program Files\Android Studio\jre\jre\bin\java.dll
0x000007fef1910000 - 0x000007fef1926000 	D:\Program Files\Android Studio\jre\jre\bin\zip.dll
0x000007fefdee0000 - 0x000007fefec69000 	C:\Windows\system32\SHELL32.dll
0x000007feff020000 - 0x000007feff223000 	C:\Windows\system32\ole32.dll
0x000007fefcf60000 - 0x000007fefcf6f000 	C:\Windows\system32\profapi.dll
0x000007fef18f0000 - 0x000007fef190a000 	D:\Program Files\Android Studio\jre\jre\bin\net.dll
0x000007fefc750000 - 0x000007fefc7a5000 	C:\Windows\system32\mswsock.dll
0x000007fefc740000 - 0x000007fefc747000 	C:\Windows\System32\wship6.dll
0x000007fef18d0000 - 0x000007fef18e1000 	D:\Program Files\Android Studio\jre\jre\bin\nio.dll
0x000007fef2480000 - 0x000007fef2492000 	C:\Users\Administrator\.gradle\native\19\windows-amd64\native-platform.dll
0x000007fefc7b0000 - 0x000007fefc7c8000 	C:\Windows\system32\CRYPTSP.dll
0x000007fefc4b0000 - 0x000007fefc4f7000 	C:\Windows\system32\rsaenh.dll
0x000007fefc170000 - 0x000007fefc18e000 	C:\Windows\system32\USERENV.dll
0x000007fefce50000 - 0x000007fefce5f000 	C:\Windows\system32\CRYPTBASE.dll
0x000007fefadf0000 - 0x000007fefae17000 	C:\Windows\system32\IPHLPAPI.DLL
0x000007fefade0000 - 0x000007fefadeb000 	C:\Windows\system32\WINNSI.DLL
0x000007fefa7b0000 - 0x000007fefa7c1000 	C:\Windows\system32\dhcpcsvc6.DLL
0x000007fefa790000 - 0x000007fefa7a8000 	C:\Windows\system32\dhcpcsvc.DLL
0x000007fef4130000 - 0x000007fef413d000 	D:\Program Files\Android Studio\jre\jre\bin\management.dll
0x000007fefcdf0000 - 0x000007fefce47000 	C:\Windows\system32\apphelp.dll

VM Arguments:
jvm_args: -XX:MaxPermSize=256m -XX:+HeapDumpOnOutOfMemoryError -Xmx1024m -Dfile.encoding=GBK -Duser.country=CN -Duser.language=zh -Duser.variant 
java_command: org.gradle.launcher.daemon.bootstrap.GradleDaemon 2.14.1
java_class_path (initial): C:\Users\Administrator\.gradle\wrapper\dists\gradle-2.14.1-all\8bnwg5hd3w55iofp58khbp6yv\gradle-2.14.1\lib\gradle-launcher-2.14.1.jar
Launcher Type: SUN_STANDARD

Environment Variables:
JAVA_HOME=C:\Program Files\Java\jdk1.8.0_91
CLASSPATH=.;C:\Program Files\Java\jdk1.8.0_91\lib\dt.jar;C:\Program Files\Java\jdk1.8.0_91\lib\tools.jar;
PATH=C:\Windows\system32;C:\Windows;C:\Windows\System32\Wbem;C:\Windows\System32\WindowsPowerShell\v1.0\;C:\Program Files\Java\jdk1.8.0_91\bin;D:\sdk1\platform-tools;D:\Program Files\apache-maven-3.3.9\bin;C:\Program Files\TortoiseSVN\bin
USERNAME=Administrator
OS=Windows_NT
PROCESSOR_IDENTIFIER=Intel64 Family 6 Model 60 Stepping 3, GenuineIntel



---------------  S Y S T E M  ---------------

OS: Windows 7 , 64 bit Build 7601 (6.1.7601.18409)

CPU:total 4 (4 cores per cpu, 2 threads per core) family 6 model 60 stepping 3, cmov, cx8, fxsr, mmx, sse, sse2, sse3, ssse3, sse4.1, sse4.2, popcnt, avx, avx2, aes, clmul, erms, lzcnt, ht, tsc, tscinvbit, bmi1, bmi2

Memory: 4k page, physical 8305116k(355708k free), swap 24340108k(4964k free)

vm_info: OpenJDK 64-Bit Server VM (25.76-b03) for windows-amd64 JRE (1.8.0_76-release-b03), built on Jun 29 2016 19:09:20 by "ralucas" with MS VC++ 10.0 (VS2010)

time: Thu Dec 29 08:31:53 2016
elapsed time: 602 seconds (0d 0h 10m 2s)

